AndroidApps/Murach/book_apps/ch08_TipCalculator/app/build/intermediates/manifest_merge_blame_file/debug/manifest-merger-blame-debug-report.txt
1<?xml version="1.0" encoding="utf-8"?>
2<manifest xmlns:android="http://schemas.android.com/apk/res/android"
3    package="com.murach.tipcalculator"
4    android:versionCode="1"
5    android:versionName="1.0" >
6
7    <uses-sdk
8        android:minSdkVersion="15"
8-->src\main\AndroidManifest.xml
9        android:targetSdkVersion="32" />
9-->src\main\AndroidManifest.xml
10
11    <application
11-->src\main\AndroidManifest.xml:7:5-31:19
12        android:allowBackup="true"
12-->src\main\AndroidManifest.xml:11:9-35
13        android:debuggable="true"
14        android:icon="@drawable/ic_launcher"
14-->src\main\AndroidManifest.xml:8:9-45
15        android:label="@string/app_name"
15-->src\main\AndroidManifest.xml:9:9-41
16        android:theme="@style/AppTheme" >
16-->src\main\AndroidManifest.xml:10:9-40
17        <activity
17-->src\main\AndroidManifest.xml:12:9-21:20
18            android:name="com.murach.tipcalculator.TipCalculatorActivity"
18-->src\main\AndroidManifest.xml:13:13-74
19            android:exported="true"
19-->src\main\AndroidManifest.xml:15:13-36
20            android:label="@string/title_activity_tip_calculator" >
20-->src\main\AndroidManifest.xml:14:13-66
21            <intent-filter>
21-->src\main\AndroidManifest.xml:16:13-20:29
22                <action android:name="android.intent.action.MAIN" />
22-->src\main\AndroidManifest.xml:17:17-69
22-->src\main\AndroidManifest.xml:17:25-66
23
24                <category android:name="android.intent.category.LAUNCHER" />
24-->src\main\AndroidManifest.xml:19:17-77
24-->src\main\AndroidManifest.xml:19:27-74
25            </intent-filter>
26        </activity>
27        <activity
27-->src\main\AndroidManifest.xml:22:9-25:20
28            android:name="com.murach.tipcalculator.SettingsActivity"
28-->src\main\AndroidManifest.xml:23:13-69
29            android:label="@string/title_activity_settings" >
29-->src\main\AndroidManifest.xml:24:13-60
30        </activity>
31        <activity
31-->src\main\AndroidManifest.xml:26:9-30:20
32            android:name="com.murach.tipcalculator.AboutActivity"
32-->src\main\AndroidManifest.xml:27:13-66
33            android:label="@string/title_activity_about"
33-->src\main\AndroidManifest.xml:28:13-57
34            android:theme="@style/DialogTheme" >
34-->src\main\AndroidManifest.xml:29:13-47
35        </activity>
36    </application>
37
38</manifest>